<?xml version="1.0" encoding="UTF-8"?>
<!-- Generated by org.testng.reporters.JUnitXMLReporter -->
<testsuite hostname="DESKTOP-R0QK2O8" ignored="1" name="hompage" tests="2" failures="1" timestamp="27 May 2018 16:58:29 GMT" time="24.278" errors="0">
  <testcase name="@AfterMethod afterAMethod" time="0.0" classname="com.mercuryTravel.testcases.BaseScenarios">
    <failure type="java.lang.NullPointerException">
      <![CDATA[java.lang.NullPointerException
	at com.mercuryTravel.testcases.BaseScenarios.afterAMethod(BaseScenarios.java:103)
... Removed 27 stack frames]]>
    </failure>
  </testcase> <!-- @AfterMethod afterAMethod -->
  <testcase name="verifyUserLoginWithMultipleCredentials" time="1.947" classname="com.mercuryTravel.testcases.MercuryTravelHomePagesTests"/>
  <testcase name="verifyUserLoginWithMultipleCredentials" time="10.118" classname="com.mercuryTravel.testcases.MercuryTravelHomePagesTests">
    <failure type="java.lang.AssertionError" message="null">
      <![CDATA[java.lang.AssertionError: null
	at com.mercuryTravel.testcases.MercuryTravelHomePagesTests.verifyUserLoginWithMultipleCredentials(MercuryTravelHomePagesTests.java:47)
... Removed 27 stack frames]]>
    </failure>
  </testcase> <!-- verifyUserLoginWithMultipleCredentials -->
  <testcase name="verifyUserLoginWithCorrectCredentials" time="0.0" classname="com.mercuryTravel.testcases.MercuryTravelHomePagesTests">
    <ignored/>
  </testcase> <!-- verifyUserLoginWithCorrectCredentials -->
</testsuite> <!-- hompage -->
