<?xml version="1.0" encoding="UTF-8"?>
<testng-results skipped="0" failed="1" ignored="1" total="3" passed="1">
  <reporter-output>
  </reporter-output>
  <suite name="mercuryTravelFunctionTests" duration-ms="24278" started-at="2018-05-27T16:58:04Z" finished-at="2018-05-27T16:58:29Z">
    <groups>
    </groups>
    <test name="hompage" duration-ms="24278" started-at="2018-05-27T16:58:04Z" finished-at="2018-05-27T16:58:29Z">
      <class name="com.mercuryTravel.testcases.MercuryTravelHomePagesTests">
        <test-method status="PASS" signature="initialization()[pri:0, instance:com.mercuryTravel.testcases.MercuryTravelHomePagesTests@29ee9faa]" name="initialization" is-config="true" duration-ms="507" started-at="2018-05-27T22:28:04Z" finished-at="2018-05-27T22:28:04Z">
          <reporter-output>
          </reporter-output>
        </test-method> <!-- initialization -->
        <test-method status="PASS" signature="invokeBrowser()[pri:0, instance:com.mercuryTravel.testcases.MercuryTravelHomePagesTests@29ee9faa]" name="invokeBrowser" is-config="true" duration-ms="10404" started-at="2018-05-27T22:28:04Z" finished-at="2018-05-27T22:28:15Z">
          <reporter-output>
          </reporter-output>
        </test-method> <!-- invokeBrowser -->
        <test-method status="PASS" signature="verifyUserLoginWithMultipleCredentials(java.lang.String, java.lang.String)[pri:0, instance:com.mercuryTravel.testcases.MercuryTravelHomePagesTests@29ee9faa]" name="verifyUserLoginWithMultipleCredentials" duration-ms="1947" started-at="2018-05-27T22:28:16Z" data-provider="getData" finished-at="2018-05-27T22:28:18Z">
          <params>
            <param index="0">
              <value>
                <![CDATA[saurabh.d2106@gmail.com]]>
              </value>
            </param>
            <param index="1">
              <value>
                <![CDATA[Pro@1234]]>
              </value>
            </param>
          </params>
          <reporter-output>
          </reporter-output>
        </test-method> <!-- verifyUserLoginWithMultipleCredentials -->
        <test-method status="PASS" signature="afterAMethod(org.testng.ITestResult)[pri:0, instance:com.mercuryTravel.testcases.MercuryTravelHomePagesTests@29ee9faa]" name="afterAMethod" is-config="true" duration-ms="2" started-at="2018-05-27T22:28:18Z" finished-at="2018-05-27T22:28:18Z">
          <params>
            <param index="0">
              <value>
                <![CDATA[[TestResult name=verifyUserLoginWithMultipleCredentials status=SUCCESS method=MercuryTravelHomePagesTests.verifyUserLoginWithMultipleCredentials(java.lang.String, java.lang.String)[pri:0, instance:com.mercuryTravel.testcases.MercuryTravelHomePagesTests@29ee9faa] output={null}]]]>
              </value>
            </param>
          </params>
          <reporter-output>
          </reporter-output>
        </test-method> <!-- afterAMethod -->
        <test-method status="FAIL" signature="verifyUserLoginWithMultipleCredentials(java.lang.String, java.lang.String)[pri:0, instance:com.mercuryTravel.testcases.MercuryTravelHomePagesTests@29ee9faa]" name="verifyUserLoginWithMultipleCredentials" duration-ms="10118" started-at="2018-05-27T22:28:18Z" data-provider="getData" finished-at="2018-05-27T22:28:28Z">
          <params>
            <param index="0">
              <value>
                <![CDATA[saurabh.d2106@gmail.com]]>
              </value>
            </param>
            <param index="1">
              <value>
                <![CDATA[Pro@12428349]]>
              </value>
            </param>
          </params>
          <exception class="java.lang.AssertionError">
            <message>
              <![CDATA[null]]>
            </message>
            <full-stacktrace>
              <![CDATA[java.lang.AssertionError: null
	at org.testng.Assert.fail(Assert.java:94)
	at org.testng.Assert.fail(Assert.java:101)
	at com.mercuryTravel.testcases.MercuryTravelHomePagesTests.verifyUserLoginWithMultipleCredentials(MercuryTravelHomePagesTests.java:47)
	at sun.reflect.NativeMethodAccessorImpl.invoke0(Native Method)
	at sun.reflect.NativeMethodAccessorImpl.invoke(NativeMethodAccessorImpl.java:62)
	at sun.reflect.DelegatingMethodAccessorImpl.invoke(DelegatingMethodAccessorImpl.java:43)
	at java.lang.reflect.Method.invoke(Method.java:498)
	at org.testng.internal.MethodInvocationHelper.invokeMethod(MethodInvocationHelper.java:104)
	at org.testng.internal.Invoker.invokeMethod(Invoker.java:645)
	at org.testng.internal.Invoker.invokeTestMethod(Invoker.java:851)
	at org.testng.internal.Invoker.invokeTestMethods(Invoker.java:1177)
	at org.testng.internal.TestMethodWorker.invokeTestMethods(TestMethodWorker.java:129)
	at org.testng.internal.TestMethodWorker.run(TestMethodWorker.java:112)
	at org.testng.TestRunner.privateRun(TestRunner.java:756)
	at org.testng.TestRunner.run(TestRunner.java:610)
	at org.testng.SuiteRunner.runTest(SuiteRunner.java:387)
	at org.testng.SuiteRunner.runSequentially(SuiteRunner.java:382)
	at org.testng.SuiteRunner.privateRun(SuiteRunner.java:340)
	at org.testng.SuiteRunner.run(SuiteRunner.java:289)
	at org.testng.SuiteRunnerWorker.runSuite(SuiteRunnerWorker.java:52)
	at org.testng.SuiteRunnerWorker.run(SuiteRunnerWorker.java:86)
	at org.testng.TestNG.runSuitesSequentially(TestNG.java:1293)
	at org.testng.TestNG.runSuitesLocally(TestNG.java:1218)
	at org.testng.TestNG.runSuites(TestNG.java:1133)
	at org.testng.TestNG.run(TestNG.java:1104)
	at org.testng.remote.AbstractRemoteTestNG.run(AbstractRemoteTestNG.java:132)
	at org.testng.remote.RemoteTestNG.initAndRun(RemoteTestNG.java:230)
	at org.testng.remote.RemoteTestNG.main(RemoteTestNG.java:76)
]]>
            </full-stacktrace>
          </exception> <!-- java.lang.AssertionError -->
          <reporter-output>
          </reporter-output>
        </test-method> <!-- verifyUserLoginWithMultipleCredentials -->
        <test-method status="FAIL" signature="afterAMethod(org.testng.ITestResult)[pri:0, instance:com.mercuryTravel.testcases.MercuryTravelHomePagesTests@29ee9faa]" name="afterAMethod" is-config="true" duration-ms="0" started-at="2018-05-27T22:28:28Z" finished-at="2018-05-27T22:28:28Z">
          <params>
            <param index="0">
              <value>
                <![CDATA[[TestResult name=verifyUserLoginWithMultipleCredentials status=FAILURE method=MercuryTravelHomePagesTests.verifyUserLoginWithMultipleCredentials(java.lang.String, java.lang.String)[pri:0, instance:com.mercuryTravel.testcases.MercuryTravelHomePagesTests@29ee9faa] output={null}]]]>
              </value>
            </param>
          </params>
          <exception class="java.lang.NullPointerException">
            <full-stacktrace>
              <![CDATA[java.lang.NullPointerException
	at com.mercuryTravel.testcases.BaseScenarios.afterAMethod(BaseScenarios.java:103)
	at sun.reflect.NativeMethodAccessorImpl.invoke0(Native Method)
	at sun.reflect.NativeMethodAccessorImpl.invoke(NativeMethodAccessorImpl.java:62)
	at sun.reflect.DelegatingMethodAccessorImpl.invoke(DelegatingMethodAccessorImpl.java:43)
	at java.lang.reflect.Method.invoke(Method.java:498)
	at org.testng.internal.MethodInvocationHelper.invokeMethod(MethodInvocationHelper.java:104)
	at org.testng.internal.Invoker.invokeConfigurationMethod(Invoker.java:515)
	at org.testng.internal.Invoker.invokeConfigurations(Invoker.java:217)
	at org.testng.internal.Invoker.invokeMethod(Invoker.java:712)
	at org.testng.internal.Invoker.invokeTestMethod(Invoker.java:851)
	at org.testng.internal.Invoker.invokeTestMethods(Invoker.java:1177)
	at org.testng.internal.TestMethodWorker.invokeTestMethods(TestMethodWorker.java:129)
	at org.testng.internal.TestMethodWorker.run(TestMethodWorker.java:112)
	at org.testng.TestRunner.privateRun(TestRunner.java:756)
	at org.testng.TestRunner.run(TestRunner.java:610)
	at org.testng.SuiteRunner.runTest(SuiteRunner.java:387)
	at org.testng.SuiteRunner.runSequentially(SuiteRunner.java:382)
	at org.testng.SuiteRunner.privateRun(SuiteRunner.java:340)
	at org.testng.SuiteRunner.run(SuiteRunner.java:289)
	at org.testng.SuiteRunnerWorker.runSuite(SuiteRunnerWorker.java:52)
	at org.testng.SuiteRunnerWorker.run(SuiteRunnerWorker.java:86)
	at org.testng.TestNG.runSuitesSequentially(TestNG.java:1293)
	at org.testng.TestNG.runSuitesLocally(TestNG.java:1218)
	at org.testng.TestNG.runSuites(TestNG.java:1133)
	at org.testng.TestNG.run(TestNG.java:1104)
	at org.testng.remote.AbstractRemoteTestNG.run(AbstractRemoteTestNG.java:132)
	at org.testng.remote.RemoteTestNG.initAndRun(RemoteTestNG.java:230)
	at org.testng.remote.RemoteTestNG.main(RemoteTestNG.java:76)
]]>
            </full-stacktrace>
          </exception> <!-- java.lang.NullPointerException -->
          <reporter-output>
          </reporter-output>
        </test-method> <!-- afterAMethod -->
        <test-method status="PASS" signature="closeBrowser()[pri:0, instance:com.mercuryTravel.testcases.MercuryTravelHomePagesTests@29ee9faa]" name="closeBrowser" is-config="true" duration-ms="821" started-at="2018-05-27T22:28:28Z" finished-at="2018-05-27T22:28:29Z">
          <reporter-output>
          </reporter-output>
        </test-method> <!-- closeBrowser -->
        <test-method status="PASS" signature="cleanup()[pri:0, instance:com.mercuryTravel.testcases.MercuryTravelHomePagesTests@29ee9faa]" name="cleanup" is-config="true" duration-ms="574" started-at="2018-05-27T22:28:29Z" finished-at="2018-05-27T22:28:29Z">
          <reporter-output>
          </reporter-output>
        </test-method> <!-- cleanup -->
      </class> <!-- com.mercuryTravel.testcases.MercuryTravelHomePagesTests -->
    </test> <!-- hompage -->
  </suite> <!-- mercuryTravelFunctionTests -->
</testng-results>
