<?xml version="1.0" encoding="UTF-8"?>
<!-- Generated by org.testng.reporters.JUnitXMLReporter -->
<testsuite hostname="DESKTOP-R0QK2O8" ignored="0" name="Default test" tests="4" failures="0" timestamp="10 Jun 2018 05:13:00 GMT" time="0.09" errors="0">
  <testcase name="printTestData" time="0.017" classname="day13.DataProviderExample"/>
  <testcase name="printTestData" time="0.005" classname="day13.DataProviderExample"/>
  <testcase name="printTestData" time="0.012" classname="day13.DataProviderExample"/>
  <testcase name="printTestData" time="0.005" classname="day13.DataProviderExample"/>
</testsuite> <!-- Default test -->
