<?xml version="1.0" encoding="UTF-8"?>
<!-- Generated by org.testng.reporters.JUnitXMLReporter -->
<testsuite hostname="DESKTOP-R0QK2O8" ignored="0" name="Default test" tests="2" failures="0" timestamp="13 May 2018 17:41:24 GMT" time="13.108" errors="0">
  <testcase name="verifyReturnDateIsNotVisibleInOneWayTrip" time="1.156" classname="day6.MercuryTravelTestcase"/>
  <testcase name="verifyReturnDateIsVisibleInRoundTrip" time="1.391" classname="day6.MercuryTravelTestcase"/>
</testsuite> <!-- Default test -->
