<?xml version="1.0" encoding="UTF-8"?>
<!-- Generated by org.testng.reporters.JUnitXMLReporter -->
<testsuite hostname="DESKTOP-R0QK2O8" ignored="0" name="Guru99 Project 2" tests="1" failures="1" timestamp="13 May 2018 17:22:20 GMT" time="16.109" errors="0">
  <testcase name="login" time="3.314" classname="day6.Guru99Project">
    <failure type="java.lang.AssertionError" message="expected [Guru99 Bank Manage HomePage] but found [Guru99 Bank Manager HomePage]">
      <![CDATA[java.lang.AssertionError: expected [Guru99 Bank Manage HomePage] but found [Guru99 Bank Manager HomePage]
	at day6.Guru99Project.login(Guru99Project.java:43)
	at java.util.concurrent.FutureTask.run(Unknown Source)
	at java.util.concurrent.ThreadPoolExecutor.runWorker(Unknown Source)
	at java.util.concurrent.ThreadPoolExecutor$Worker.run(Unknown Source)
	at java.lang.Thread.run(Unknown Source)
... Removed 22 stack frames]]>
    </failure>
  </testcase> <!-- login -->
</testsuite> <!-- Guru99 Project 2 -->
