<?xml version="1.0" encoding="UTF-8"?>
<!-- Generated by org.testng.reporters.JUnitXMLReporter -->
<testsuite hostname="DESKTOP-R0QK2O8" ignored="0" name="Testing on firefox" tests="1" failures="1" timestamp="19 May 2018 16:44:42 GMT" time="17.732" errors="0">
  <testcase name="login" time="1.78" classname="day6.Guru99Project">
    <failure type="java.lang.AssertionError" message="expected [Guru99 Bank Manager HomePage] but found []">
      <![CDATA[java.lang.AssertionError: expected [Guru99 Bank Manager HomePage] but found []
	at day6.Guru99Project.login(Guru99Project.java:61)
	at java.util.concurrent.FutureTask.run(Unknown Source)
	at java.util.concurrent.ThreadPoolExecutor.runWorker(Unknown Source)
	at java.util.concurrent.ThreadPoolExecutor$Worker.run(Unknown Source)
	at java.lang.Thread.run(Unknown Source)
... Removed 22 stack frames]]>
    </failure>
  </testcase> <!-- login -->
</testsuite> <!-- Testing on firefox -->
