<?xml version="1.0" encoding="UTF-8"?>
<!-- Generated by org.testng.reporters.JUnitXMLReporter -->
<testsuite hostname="DESKTOP-R0QK2O8" ignored="0" name="Chrome Browser" tests="2" failures="0" timestamp="10 Jun 2018 05:02:49 GMT" time="13.998" errors="0">
  <testcase name="verifyTitleOfGuru99LoginPage" time="0.013" classname="day13.Guru99MultipleBrowserTesting"/>
  <testcase name="loginToGuru99" time="2.024" classname="day13.Guru99MultipleBrowserTesting"/>
</testsuite> <!-- Chrome Browser -->
