<?xml version="1.0" encoding="UTF-8"?>
<!-- Generated by org.testng.reporters.JUnitXMLReporter -->
<testsuite hostname="DESKTOP-R0QK2O8" ignored="6" name="Learning  Tests" tests="4" failures="0" timestamp="10 Jun 2018 04:03:35 GMT" time="0.08" errors="0">
  <testcase name="testcase5" time="0.008" classname="day13.TestNGTesting"/>
  <testcase name="testcase1" time="0.002" classname="day12.testng.TestNGTesting"/>
  <testcase name="testcase6" time="0.003" classname="day12.testng.TestNGTesting"/>
  <testcase name="testcase6" time="0.001" classname="day13.TestNGTesting"/>
  <testcase name="testcase3" time="0.0" classname="day12.testng.TestNGTesting">
    <ignored/>
  </testcase> <!-- testcase3 -->
  <testcase name="testcase2" time="0.0" classname="day13.TestNGTesting">
    <ignored/>
  </testcase> <!-- testcase2 -->
  <testcase name="testcase3" time="0.0" classname="day13.TestNGTesting">
    <ignored/>
  </testcase> <!-- testcase3 -->
  <testcase name="testcase5" time="0.0" classname="day12.testng.TestNGTesting">
    <ignored/>
  </testcase> <!-- testcase5 -->
  <testcase name="testcase2" time="0.0" classname="day12.testng.TestNGTesting">
    <ignored/>
  </testcase> <!-- testcase2 -->
  <testcase name="testcase1" time="0.0" classname="day13.TestNGTesting">
    <ignored/>
  </testcase> <!-- testcase1 -->
</testsuite> <!-- Learning  Tests -->
